find_header: checking for float.h... -------------------- yes

"clang -o conftest -I/usr/local/Cellar/ruby/2.5.0/include/ruby-2.5.0/x86_64-darwin17 -I/usr/local/Cellar/ruby/2.5.0/include/ruby-2.5.0/ruby/backward -I/usr/local/Cellar/ruby/2.5.0/include/ruby-2.5.0 -I.  -I/usr/local/opt/libyaml/include -I/usr/local/opt/openssl/include -I/usr/local/opt/readline/include -D_XOPEN_SOURCE -D_DARWIN_C_SOURCE -D_DARWIN_UNLIMITED_SELECT -D_REENTRANT   -O3 -ggdb3 -Wall -Wextra -Wno-unused-parameter -Wno-parentheses -Wno-long-long -Wno-missing-field-initializers -Wno-tautological-compare -Wno-parentheses-equality -Wno-constant-logical-operand -Wno-self-assign -Wunused-variable -Wimplicit-int -Wpointer-arith -Wwrite-strings -Wdeclaration-after-statement -Wshorten-64-to-32 -Wimplicit-function-declaration -Wdivision-by-zero -Wdeprecated-declarations -Wextra-tokens  -fno-common -pipe conftest.c  -L. -L/usr/local/Cellar/ruby/2.5.0/lib -L/usr/local/opt/libyaml/lib -L/usr/local/opt/openssl/lib -L/usr/local/opt/readline/lib -L. -fstack-protector -L/usr/local/lib -L/usr/local/opt/libyaml/lib -L/usr/local/opt/openssl/lib -L/usr/local/opt/readline/lib     -lruby.2.5.0  -lpthread -ldl -lobjc "
checked program was:
/* begin */
1: #include "ruby.h"
2: 
3: int main(int argc, char **argv)
4: {
5:   return 0;
6: }
/* end */

"clang -E -I/usr/local/Cellar/ruby/2.5.0/include/ruby-2.5.0/x86_64-darwin17 -I/usr/local/Cellar/ruby/2.5.0/include/ruby-2.5.0/ruby/backward -I/usr/local/Cellar/ruby/2.5.0/include/ruby-2.5.0 -I.  -I/usr/local/opt/libyaml/include -I/usr/local/opt/openssl/include -I/usr/local/opt/readline/include -D_XOPEN_SOURCE -D_DARWIN_C_SOURCE -D_DARWIN_UNLIMITED_SELECT -D_REENTRANT   -O3 -ggdb3 -Wall -Wextra -Wno-unused-parameter -Wno-parentheses -Wno-long-long -Wno-missing-field-initializers -Wno-tautological-compare -Wno-parentheses-equality -Wno-constant-logical-operand -Wno-self-assign -Wunused-variable -Wimplicit-int -Wpointer-arith -Wwrite-strings -Wdeclaration-after-statement -Wshorten-64-to-32 -Wimplicit-function-declaration -Wdivision-by-zero -Wdeprecated-declarations -Wextra-tokens  -fno-common -pipe  conftest.c -o conftest.i"
checked program was:
/* begin */
1: #include "ruby.h"
2: 
3: #include <float.h>
/* end */

--------------------

find_header: checking for ruby.h... -------------------- yes

"clang -E -I/usr/local/Cellar/ruby/2.5.0/include/ruby-2.5.0/x86_64-darwin17 -I/usr/local/Cellar/ruby/2.5.0/include/ruby-2.5.0/ruby/backward -I/usr/local/Cellar/ruby/2.5.0/include/ruby-2.5.0 -I.  -I/usr/local/opt/libyaml/include -I/usr/local/opt/openssl/include -I/usr/local/opt/readline/include -D_XOPEN_SOURCE -D_DARWIN_C_SOURCE -D_DARWIN_UNLIMITED_SELECT -D_REENTRANT   -O3 -ggdb3 -Wall -Wextra -Wno-unused-parameter -Wno-parentheses -Wno-long-long -Wno-missing-field-initializers -Wno-tautological-compare -Wno-parentheses-equality -Wno-constant-logical-operand -Wno-self-assign -Wunused-variable -Wimplicit-int -Wpointer-arith -Wwrite-strings -Wdeclaration-after-statement -Wshorten-64-to-32 -Wimplicit-function-declaration -Wdivision-by-zero -Wdeprecated-declarations -Wextra-tokens  -fno-common -pipe  conftest.c -o conftest.i"
checked program was:
/* begin */
1: #include "ruby.h"
2: 
3: #include <ruby.h>
/* end */

--------------------

find_header: checking for stdlib.h... -------------------- yes

"clang -E -I/usr/local/Cellar/ruby/2.5.0/include/ruby-2.5.0/x86_64-darwin17 -I/usr/local/Cellar/ruby/2.5.0/include/ruby-2.5.0/ruby/backward -I/usr/local/Cellar/ruby/2.5.0/include/ruby-2.5.0 -I.  -I/usr/local/opt/libyaml/include -I/usr/local/opt/openssl/include -I/usr/local/opt/readline/include -D_XOPEN_SOURCE -D_DARWIN_C_SOURCE -D_DARWIN_UNLIMITED_SELECT -D_REENTRANT   -O3 -ggdb3 -Wall -Wextra -Wno-unused-parameter -Wno-parentheses -Wno-long-long -Wno-missing-field-initializers -Wno-tautological-compare -Wno-parentheses-equality -Wno-constant-logical-operand -Wno-self-assign -Wunused-variable -Wimplicit-int -Wpointer-arith -Wwrite-strings -Wdeclaration-after-statement -Wshorten-64-to-32 -Wimplicit-function-declaration -Wdivision-by-zero -Wdeprecated-declarations -Wextra-tokens  -fno-common -pipe  conftest.c -o conftest.i"
checked program was:
/* begin */
1: #include "ruby.h"
2: 
3: #include <stdlib.h>
/* end */

--------------------

find_header: checking for string.h... -------------------- yes

"clang -E -I/usr/local/Cellar/ruby/2.5.0/include/ruby-2.5.0/x86_64-darwin17 -I/usr/local/Cellar/ruby/2.5.0/include/ruby-2.5.0/ruby/backward -I/usr/local/Cellar/ruby/2.5.0/include/ruby-2.5.0 -I.  -I/usr/local/opt/libyaml/include -I/usr/local/opt/openssl/include -I/usr/local/opt/readline/include -D_XOPEN_SOURCE -D_DARWIN_C_SOURCE -D_DARWIN_UNLIMITED_SELECT -D_REENTRANT   -O3 -ggdb3 -Wall -Wextra -Wno-unused-parameter -Wno-parentheses -Wno-long-long -Wno-missing-field-initializers -Wno-tautological-compare -Wno-parentheses-equality -Wno-constant-logical-operand -Wno-self-assign -Wunused-variable -Wimplicit-int -Wpointer-arith -Wwrite-strings -Wdeclaration-after-statement -Wshorten-64-to-32 -Wimplicit-function-declaration -Wdivision-by-zero -Wdeprecated-declarations -Wextra-tokens  -fno-common -pipe  conftest.c -o conftest.i"
checked program was:
/* begin */
1: #include "ruby.h"
2: 
3: #include <string.h>
/* end */

--------------------

have_header: checking for fcntl.h... -------------------- yes

"clang -E -I/usr/local/Cellar/ruby/2.5.0/include/ruby-2.5.0/x86_64-darwin17 -I/usr/local/Cellar/ruby/2.5.0/include/ruby-2.5.0/ruby/backward -I/usr/local/Cellar/ruby/2.5.0/include/ruby-2.5.0 -I.  -I/usr/local/opt/libyaml/include -I/usr/local/opt/openssl/include -I/usr/local/opt/readline/include -D_XOPEN_SOURCE -D_DARWIN_C_SOURCE -D_DARWIN_UNLIMITED_SELECT -D_REENTRANT   -O3 -ggdb3 -Wall -Wextra -Wno-unused-parameter -Wno-parentheses -Wno-long-long -Wno-missing-field-initializers -Wno-tautological-compare -Wno-parentheses-equality -Wno-constant-logical-operand -Wno-self-assign -Wunused-variable -Wimplicit-int -Wpointer-arith -Wwrite-strings -Wdeclaration-after-statement -Wshorten-64-to-32 -Wimplicit-function-declaration -Wdivision-by-zero -Wdeprecated-declarations -Wextra-tokens  -fno-common -pipe  conftest.c -o conftest.i"
checked program was:
/* begin */
1: #include "ruby.h"
2: 
3: #include <fcntl.h>
/* end */

--------------------

have_header: checking for stdint.h... -------------------- yes

"clang -E -I/usr/local/Cellar/ruby/2.5.0/include/ruby-2.5.0/x86_64-darwin17 -I/usr/local/Cellar/ruby/2.5.0/include/ruby-2.5.0/ruby/backward -I/usr/local/Cellar/ruby/2.5.0/include/ruby-2.5.0 -I.  -I/usr/local/opt/libyaml/include -I/usr/local/opt/openssl/include -I/usr/local/opt/readline/include -D_XOPEN_SOURCE -D_DARWIN_C_SOURCE -D_DARWIN_UNLIMITED_SELECT -D_REENTRANT   -O3 -ggdb3 -Wall -Wextra -Wno-unused-parameter -Wno-parentheses -Wno-long-long -Wno-missing-field-initializers -Wno-tautological-compare -Wno-parentheses-equality -Wno-constant-logical-operand -Wno-self-assign -Wunused-variable -Wimplicit-int -Wpointer-arith -Wwrite-strings -Wdeclaration-after-statement -Wshorten-64-to-32 -Wimplicit-function-declaration -Wdivision-by-zero -Wdeprecated-declarations -Wextra-tokens  -fno-common -pipe  conftest.c -o conftest.i"
checked program was:
/* begin */
1: #include "ruby.h"
2: 
3: #include <stdint.h>
/* end */

--------------------

have_header: checking for sys/errno.h... -------------------- yes

"clang -E -I/usr/local/Cellar/ruby/2.5.0/include/ruby-2.5.0/x86_64-darwin17 -I/usr/local/Cellar/ruby/2.5.0/include/ruby-2.5.0/ruby/backward -I/usr/local/Cellar/ruby/2.5.0/include/ruby-2.5.0 -I.  -I/usr/local/opt/libyaml/include -I/usr/local/opt/openssl/include -I/usr/local/opt/readline/include -D_XOPEN_SOURCE -D_DARWIN_C_SOURCE -D_DARWIN_UNLIMITED_SELECT -D_REENTRANT   -O3 -ggdb3 -Wall -Wextra -Wno-unused-parameter -Wno-parentheses -Wno-long-long -Wno-missing-field-initializers -Wno-tautological-compare -Wno-parentheses-equality -Wno-constant-logical-operand -Wno-self-assign -Wunused-variable -Wimplicit-int -Wpointer-arith -Wwrite-strings -Wdeclaration-after-statement -Wshorten-64-to-32 -Wimplicit-function-declaration -Wdivision-by-zero -Wdeprecated-declarations -Wextra-tokens  -fno-common -pipe  conftest.c -o conftest.i"
checked program was:
/* begin */
1: #include "ruby.h"
2: 
3: #include <sys/errno.h>
/* end */

--------------------

have_header: checking for sys/socket.h... -------------------- yes

"clang -E -I/usr/local/Cellar/ruby/2.5.0/include/ruby-2.5.0/x86_64-darwin17 -I/usr/local/Cellar/ruby/2.5.0/include/ruby-2.5.0/ruby/backward -I/usr/local/Cellar/ruby/2.5.0/include/ruby-2.5.0 -I.  -I/usr/local/opt/libyaml/include -I/usr/local/opt/openssl/include -I/usr/local/opt/readline/include -D_XOPEN_SOURCE -D_DARWIN_C_SOURCE -D_DARWIN_UNLIMITED_SELECT -D_REENTRANT   -O3 -ggdb3 -Wall -Wextra -Wno-unused-parameter -Wno-parentheses -Wno-long-long -Wno-missing-field-initializers -Wno-tautological-compare -Wno-parentheses-equality -Wno-constant-logical-operand -Wno-self-assign -Wunused-variable -Wimplicit-int -Wpointer-arith -Wwrite-strings -Wdeclaration-after-statement -Wshorten-64-to-32 -Wimplicit-function-declaration -Wdivision-by-zero -Wdeprecated-declarations -Wextra-tokens  -fno-common -pipe  conftest.c -o conftest.i"
checked program was:
/* begin */
1: #include "ruby.h"
2: 
3: #include <sys/socket.h>
/* end */

--------------------

have_header: checking for ruby/st.h... -------------------- yes

"clang -E -I/usr/local/Cellar/ruby/2.5.0/include/ruby-2.5.0/x86_64-darwin17 -I/usr/local/Cellar/ruby/2.5.0/include/ruby-2.5.0/ruby/backward -I/usr/local/Cellar/ruby/2.5.0/include/ruby-2.5.0 -I.  -I/usr/local/opt/libyaml/include -I/usr/local/opt/openssl/include -I/usr/local/opt/readline/include -D_XOPEN_SOURCE -D_DARWIN_C_SOURCE -D_DARWIN_UNLIMITED_SELECT -D_REENTRANT   -O3 -ggdb3 -Wall -Wextra -Wno-unused-parameter -Wno-parentheses -Wno-long-long -Wno-missing-field-initializers -Wno-tautological-compare -Wno-parentheses-equality -Wno-constant-logical-operand -Wno-self-assign -Wunused-variable -Wimplicit-int -Wpointer-arith -Wwrite-strings -Wdeclaration-after-statement -Wshorten-64-to-32 -Wimplicit-function-declaration -Wdivision-by-zero -Wdeprecated-declarations -Wextra-tokens  -fno-common -pipe  conftest.c -o conftest.i"
checked program was:
/* begin */
1: #include "ruby.h"
2: 
3: #include <ruby/st.h>
/* end */

--------------------

have_header: checking for st.h... -------------------- yes

"clang -E -I/usr/local/Cellar/ruby/2.5.0/include/ruby-2.5.0/x86_64-darwin17 -I/usr/local/Cellar/ruby/2.5.0/include/ruby-2.5.0/ruby/backward -I/usr/local/Cellar/ruby/2.5.0/include/ruby-2.5.0 -I.  -I/usr/local/opt/libyaml/include -I/usr/local/opt/openssl/include -I/usr/local/opt/readline/include -D_XOPEN_SOURCE -D_DARWIN_C_SOURCE -D_DARWIN_UNLIMITED_SELECT -D_REENTRANT   -O3 -ggdb3 -Wall -Wextra -Wno-unused-parameter -Wno-parentheses -Wno-long-long -Wno-missing-field-initializers -Wno-tautological-compare -Wno-parentheses-equality -Wno-constant-logical-operand -Wno-self-assign -Wunused-variable -Wimplicit-int -Wpointer-arith -Wwrite-strings -Wdeclaration-after-statement -Wshorten-64-to-32 -Wimplicit-function-declaration -Wdivision-by-zero -Wdeprecated-declarations -Wextra-tokens  -fno-common -pipe  conftest.c -o conftest.i"
In file included from conftest.c:3:
/usr/local/Cellar/ruby/2.5.0/include/ruby-2.5.0/ruby/backward/st.h:2:2: warning: use "ruby/st.h" instead of bare "st.h" [-W#warnings]
#warning use "ruby/st.h" instead of bare "st.h"
 ^
1 warning generated.
checked program was:
/* begin */
1: #include "ruby.h"
2: 
3: #include <st.h>
/* end */

--------------------

have_library: checking for pthread_create() in -lpthread... -------------------- yes

"clang -o conftest -I/usr/local/Cellar/ruby/2.5.0/include/ruby-2.5.0/x86_64-darwin17 -I/usr/local/Cellar/ruby/2.5.0/include/ruby-2.5.0/ruby/backward -I/usr/local/Cellar/ruby/2.5.0/include/ruby-2.5.0 -I.  -I/usr/local/opt/libyaml/include -I/usr/local/opt/openssl/include -I/usr/local/opt/readline/include -D_XOPEN_SOURCE -D_DARWIN_C_SOURCE -D_DARWIN_UNLIMITED_SELECT -D_REENTRANT   -O3 -ggdb3 -Wall -Wextra -Wno-unused-parameter -Wno-parentheses -Wno-long-long -Wno-missing-field-initializers -Wno-tautological-compare -Wno-parentheses-equality -Wno-constant-logical-operand -Wno-self-assign -Wunused-variable -Wimplicit-int -Wpointer-arith -Wwrite-strings -Wdeclaration-after-statement -Wshorten-64-to-32 -Wimplicit-function-declaration -Wdivision-by-zero -Wdeprecated-declarations -Wextra-tokens  -fno-common -pipe conftest.c  -L. -L/usr/local/Cellar/ruby/2.5.0/lib -L/usr/local/opt/libyaml/lib -L/usr/local/opt/openssl/lib -L/usr/local/opt/readline/lib -L. -fstack-protector -L/usr/local/lib -L/usr/local/opt/libyaml/lib -L/usr/local/opt/openssl/lib -L/usr/local/opt/readline/lib     -lruby.2.5.0 -lpthread  -lpthread -ldl -lobjc "
conftest.c:13:57: error: use of undeclared identifier 'pthread_create'
int t(void) { void ((*volatile p)()); p = (void ((*)()))pthread_create; return !p; }
                                                        ^
1 error generated.
checked program was:
/* begin */
 1: #include "ruby.h"
 2: 
 3: /*top*/
 4: extern int t(void);
 5: int main(int argc, char **argv)
 6: {
 7:   if (argc > 1000000) {
 8:     printf("%p", &t);
 9:   }
10: 
11:   return 0;
12: }
13: int t(void) { void ((*volatile p)()); p = (void ((*)()))pthread_create; return !p; }
/* end */

"clang -o conftest -I/usr/local/Cellar/ruby/2.5.0/include/ruby-2.5.0/x86_64-darwin17 -I/usr/local/Cellar/ruby/2.5.0/include/ruby-2.5.0/ruby/backward -I/usr/local/Cellar/ruby/2.5.0/include/ruby-2.5.0 -I.  -I/usr/local/opt/libyaml/include -I/usr/local/opt/openssl/include -I/usr/local/opt/readline/include -D_XOPEN_SOURCE -D_DARWIN_C_SOURCE -D_DARWIN_UNLIMITED_SELECT -D_REENTRANT   -O3 -ggdb3 -Wall -Wextra -Wno-unused-parameter -Wno-parentheses -Wno-long-long -Wno-missing-field-initializers -Wno-tautological-compare -Wno-parentheses-equality -Wno-constant-logical-operand -Wno-self-assign -Wunused-variable -Wimplicit-int -Wpointer-arith -Wwrite-strings -Wdeclaration-after-statement -Wshorten-64-to-32 -Wimplicit-function-declaration -Wdivision-by-zero -Wdeprecated-declarations -Wextra-tokens  -fno-common -pipe conftest.c  -L. -L/usr/local/Cellar/ruby/2.5.0/lib -L/usr/local/opt/libyaml/lib -L/usr/local/opt/openssl/lib -L/usr/local/opt/readline/lib -L. -fstack-protector -L/usr/local/lib -L/usr/local/opt/libyaml/lib -L/usr/local/opt/openssl/lib -L/usr/local/opt/readline/lib     -lruby.2.5.0 -lpthread  -lpthread -ldl -lobjc "
checked program was:
/* begin */
 1: #include "ruby.h"
 2: 
 3: /*top*/
 4: extern int t(void);
 5: int main(int argc, char **argv)
 6: {
 7:   if (argc > 1000000) {
 8:     printf("%p", &t);
 9:   }
10: 
11:   return 0;
12: }
13: extern void pthread_create();
14: int t(void) { pthread_create(); return 0; }
/* end */

--------------------

